# JRE version: 7.0_21-b11
# Java VM: Java HotSpot(TM) Client VM (23.21-b01 mixed mode windows-x86 )
Heap
 def new generation   total 4928K, used 3204K [0x03c10000, 0x04160000, 0x09160000)
  eden space 4416K,  60% used [0x03c10000, 0x03eb1028, 0x04060000)
  from space 512K, 100% used [0x040e0000, 0x04160000, 0x04160000)
  to   space 512K,   0% used [0x04060000, 0x04060000, 0x040e0000)
 tenured generation   total 10944K, used 2628K [0x09160000, 0x09c10000, 0x13c10000)
   the space 10944K,  24% used [0x09160000, 0x093f1158, 0x093f1200, 0x09c10000)
 compacting perm gen  total 12288K, used 5457K [0x13c10000, 0x14810000, 0x17c10000)
   the space 12288K,  44% used [0x13c10000, 0x14164510, 0x14164600, 0x14810000)
GC Heap History (6 events):
Event: 10.881 GC heap before
{Heap before GC invocations=0 (full 0):
 def new generation   total 4928K, used 4404K [0x03c10000, 0x04160000, 0x09160000)
  eden space 4416K,  99% used [0x03c10000, 0x0405d140, 0x04060000)
  from space 512K,   0% used [0x04060000, 0x04060000, 0x040e0000)
  to   space 512K,   0% used [0x040e0000, 0x040e0000, 0x04160000)
 tenured generation   total 10944K, used 0K [0x09160000, 0x09c10000, 0x13c10000)
   the space 10944K,   0% used [0x09160000, 0x09160000, 0x09160200, 0x09c10000)
 compacting perm gen  total 12288K, used 3066K [0x13c10000, 0x14810000, 0x17c10000)
   the space 12288K,  24% used [0x13c10000, 0x13f0e850, 0x13f0ea00, 0x14810000)
No shared spaces configured.
Event: 10.889 GC heap after
Heap after GC invocations=1 (full 0):
 def new generation   total 4928K, used 512K [0x03c10000, 0x04160000, 0x09160000)
  eden space 4416K,   0% used [0x03c10000, 0x03c10000, 0x04060000)
  from space 512K, 100% used [0x040e0000, 0x04160000, 0x04160000)
  to   space 512K,   0% used [0x04060000, 0x04060000, 0x040e0000)
 tenured generation   total 10944K, used 846K [0x09160000, 0x09c10000, 0x13c10000)
   the space 10944K,   7% used [0x09160000, 0x09233888, 0x09233a00, 0x09c10000)
 compacting perm gen  total 12288K, used 3066K [0x13c10000, 0x14810000, 0x17c10000)
   the space 12288K,  24% used [0x13c10000, 0x13f0e850, 0x13f0ea00, 0x14810000)
No shared spaces configured.
}
Event: 12.175 GC heap before
{Heap before GC invocations=1 (full 0):
 def new generation   total 4928K, used 4928K [0x03c10000, 0x04160000, 0x09160000)
  eden space 4416K, 100% used [0x03c10000, 0x04060000, 0x04060000)
  from space 512K, 100% used [0x040e0000, 0x04160000, 0x04160000)
  to   space 512K,   0% used [0x04060000, 0x04060000, 0x040e0000)
 tenured generation   total 10944K, used 846K [0x09160000, 0x09c10000, 0x13c10000)
   the space 10944K,   7% used [0x09160000, 0x09233888, 0x09233a00, 0x09c10000)
 compacting perm gen  total 12288K, used 4563K [0x13c10000, 0x14810000, 0x17c10000)
   the space 12288K,  37% used [0x13c10000, 0x14084e40, 0x14085000, 0x14810000)
No shared spaces configured.
Event: 12.180 GC heap after
Heap after GC invocations=2 (full 0):
 def new generation   total 4928K, used 512K [0x03c10000, 0x04160000, 0x09160000)
  eden space 4416K,   0% used [0x03c10000, 0x03c10000, 0x04060000)
  from space 512K, 100% used [0x04060000, 0x040e0000, 0x040e0000)
  to   space 512K,   0% used [0x040e0000, 0x040e0000, 0x04160000)
 tenured generation   total 10944K, used 1761K [0x09160000, 0x09c10000, 0x13c10000)
   the space 10944K,  16% used [0x09160000, 0x09318690, 0x09318800, 0x09c10000)
 compacting perm gen  total 12288K, used 4563K [0x13c10000, 0x14810000, 0x17c10000)
   the space 12288K,  37% used [0x13c10000, 0x14084e40, 0x14085000, 0x14810000)
No shared spaces configured.
}
Event: 12.354 GC heap before
{Heap before GC invocations=2 (full 0):
 def new generation   total 4928K, used 4928K [0x03c10000, 0x04160000, 0x09160000)
  eden space 4416K, 100% used [0x03c10000, 0x04060000, 0x04060000)
  from space 512K, 100% used [0x04060000, 0x040e0000, 0x040e0000)
  to   space 512K,   0% used [0x040e0000, 0x040e0000, 0x04160000)
 tenured generation   total 10944K, used 1761K [0x09160000, 0x09c10000, 0x13c10000)
   the space 10944K,  16% used [0x09160000, 0x09318690, 0x09318800, 0x09c10000)
 compacting perm gen  total 12288K, used 5294K [0x13c10000, 0x14810000, 0x17c10000)
   the space 12288K,  43% used [0x13c10000, 0x1413b8f8, 0x1413ba00, 0x14810000)
No shared spaces configured.
Event: 12.361 GC heap after
Heap after GC invocations=3 (full 0):
 def new generation   total 4928K, used 512K [0x03c10000, 0x04160000, 0x09160000)
  eden space 4416K,   0% used [0x03c10000, 0x03c10000, 0x04060000)
  from space 512K, 100% used [0x040e0000, 0x04160000, 0x04160000)
  to   space 512K,   0% used [0x04060000, 0x04060000, 0x040e0000)
 tenured generation   total 10944K, used 2628K [0x09160000, 0x09c10000, 0x13c10000)
   the space 10944K,  24% used [0x09160000, 0x093f1158, 0x093f1200, 0x09c10000)
 compacting perm gen  total 12288K, used 5294K [0x13c10000, 0x14810000, 0x17c10000)
   the space 12288K,  43% used [0x13c10000, 0x1413b8f8, 0x1413ba00, 0x14810000)
No shared spaces configured.
}

